2020/07/27 17:36:38 - 计算胜/负/净胜分异常
2020/07/27 17:36:38 - 'eStarPro'
2020/07/27 17:36:40 - 计算胜/负/净胜分异常
2020/07/27 17:36:40 - 'eStarPro'
2020/07/27 17:36:42 - 计算胜/负/净胜分异常
2020/07/27 17:36:42 - 'eStarPro'
2020/07/27 17:36:42 - 计算胜/负/净胜分异常
2020/07/27 17:36:42 - 'eStarPro'
2020/07/27 17:36:43 - 计算胜/负/净胜分异常
2020/07/27 17:36:43 - 'eStarPro'
2020/07/27 17:36:44 - 计算胜/负/净胜分异常
2020/07/27 17:36:44 - 'eStarPro'
2020/07/27 17:36:45 - 计算胜/负/净胜分异常
2020/07/27 17:36:45 - 'eStarPro'
2020/07/27 17:36:46 - 计算胜/负/净胜分异常
2020/07/27 17:36:46 - 'eStarPro'
2020/07/27 17:36:47 - 计算胜/负/净胜分异常
2020/07/27 17:36:47 - 'eStarPro'
2020/07/27 17:36:47 - 计算胜/负/净胜分异常
2020/07/27 17:36:47 - 'eStarPro'
2020/07/27 17:36:47 - 计算胜/负/净胜分异常
2020/07/27 17:36:47 - 'eStarPro'
2020/07/27 17:36:48 - 计算胜/负/净胜分异常
2020/07/27 17:36:48 - 'eStarPro'
2020/07/27 17:36:49 - 计算胜/负/净胜分异常
2020/07/27 17:36:49 - 'eStarPro'
2020/07/27 17:36:50 - 计算胜/负/净胜分异常
2020/07/27 17:36:50 - 'MTG'
2020/07/27 17:36:50 - 计算胜/负/净胜分异常
2020/07/27 17:36:50 - 'eStarPro'
2020/07/27 17:36:51 - 计算胜/负/净胜分异常
2020/07/27 17:36:51 - 'MTG'
2020/07/27 17:36:51 - 计算胜/负/净胜分异常
2020/07/27 17:36:51 - 'MTG'
2020/07/27 17:36:51 - 计算胜/负/净胜分异常
2020/07/27 17:36:51 - 'eStarPro'
2020/07/27 17:36:52 - 计算胜/负/净胜分异常
2020/07/27 17:36:52 - 'MTG'
2020/07/27 17:36:52 - 计算胜/负/净胜分异常
2020/07/27 17:36:52 - 'MTG'
2020/07/27 17:36:52 - 计算胜/负/净胜分异常
2020/07/27 17:36:52 - 'eStarPro'
2020/07/27 17:36:52 - 计算胜/负/净胜分异常
2020/07/27 17:36:52 - 'MTG'
2020/07/27 17:43:07 - 每组队局之前的异常
2020/07/27 17:43:07 - 'group_name'
Traceback (most recent call last):
  File "/home/yghl/桌面/scrapy_analyze/game_league_board.py", line 102, in parse
    group_name = type_response['group_name']
KeyError: 'group_name'
